<?xml version="1.0" ?>
<coverage branch-rate="0.287" branches-covered="31" branches-valid="108" complexity="0" line-rate="0.5061" lines-covered="206" lines-valid="407" timestamp="1585446624813" version="4.5.1">
	<!-- Generated by coverage.py: https://coverage.readthedocs.io -->
	<!-- Based on https://raw.githubusercontent.com/cobertura/web/master/htdocs/xml/coverage-04.dtd -->
	<sources>
		<source>C:\dl\Dropbox\mat-dir\myapps\pypi-projects\deepl-tr-async-free\deepl_tr_async</source>
	</sources>
	<packages>
		<package branch-rate="0.287" complexity="0" line-rate="0.5061" name=".">
			<classes>
				<class branch-rate="1" complexity="0" filename="__init__.py" line-rate="1" name="__init__.py">
					<methods/>
					<lines>
						<line hits="1" number="2"/>
						<line hits="1" number="5"/>
						<line hits="1" number="6"/>
						<line hits="1" number="7"/>
					</lines>
				</class>
				<class branch-rate="0" complexity="0" filename="deepl_langpair.py" line-rate="0" name="deepl_langpair.py">
					<methods/>
					<lines>
						<line hits="0" number="6"/>
						<line hits="0" number="7"/>
						<line hits="0" number="8"/>
						<line hits="0" number="9"/>
						<line hits="0" number="11"/>
						<line hits="0" number="12"/>
						<line hits="0" number="13"/>
						<line hits="0" number="14"/>
						<line hits="0" number="16"/>
						<line hits="0" number="17"/>
						<line hits="0" number="21"/>
						<line hits="0" number="26"/>
						<line hits="0" number="29"/>
						<line hits="0" number="35"/>
						<line hits="0" number="36"/>
						<line hits="0" number="43"/>
						<line hits="0" number="44"/>
						<line branch="true" condition-coverage="0% (0/2)" hits="0" missing-branches="50,51" number="49"/>
						<line hits="0" number="50"/>
						<line branch="true" condition-coverage="0% (0/2)" hits="0" missing-branches="52,54" number="51"/>
						<line hits="0" number="52"/>
						<line branch="true" condition-coverage="0% (0/2)" hits="0" missing-branches="55,56" number="54"/>
						<line hits="0" number="55"/>
						<line branch="true" condition-coverage="0% (0/2)" hits="0" missing-branches="57,61" number="56"/>
						<line hits="0" number="57"/>
						<line branch="true" condition-coverage="0% (0/2)" hits="0" missing-branches="62,66" number="61"/>
						<line hits="0" number="62"/>
						<line branch="true" condition-coverage="0% (0/2)" hits="0" missing-branches="67,69" number="66"/>
						<line hits="0" number="67"/>
						<line branch="true" condition-coverage="0% (0/2)" hits="0" missing-branches="70,72" number="69"/>
						<line hits="0" number="70"/>
						<line branch="true" condition-coverage="0% (0/2)" hits="0" missing-branches="73,74" number="72"/>
						<line hits="0" number="73"/>
						<line branch="true" condition-coverage="0% (0/2)" hits="0" missing-branches="75,79" number="74"/>
						<line hits="0" number="75"/>
						<line branch="true" condition-coverage="0% (0/2)" hits="0" missing-branches="80,86" number="79"/>
						<line hits="0" number="80"/>
						<line hits="0" number="82"/>
						<line branch="true" condition-coverage="0% (0/2)" hits="0" missing-branches="87,92" number="86"/>
						<line hits="0" number="87"/>
						<line hits="0" number="89"/>
						<line branch="true" condition-coverage="0% (0/2)" hits="0" missing-branches="93,97" number="92"/>
						<line hits="0" number="93"/>
						<line hits="0" number="94"/>
						<line hits="0" number="95"/>
						<line hits="0" number="97"/>
						<line hits="0" number="100"/>
						<line hits="0" number="122"/>
						<line hits="0" number="123"/>
						<line hits="0" number="124"/>
						<line hits="0" number="125"/>
						<line hits="0" number="126"/>
						<line hits="0" number="129"/>
						<line hits="0" number="140"/>
						<line hits="0" number="141"/>
						<line hits="0" number="142"/>
						<line hits="0" number="143"/>
						<line hits="0" number="144"/>
						<line hits="0" number="147"/>
						<line hits="0" number="150"/>
						<line hits="0" number="151"/>
						<line hits="0" number="152"/>
						<line hits="0" number="155"/>
						<line hits="0" number="158"/>
						<line hits="0" number="159"/>
						<line hits="0" number="160"/>
					</lines>
				</class>
				<class branch-rate="0.3889" complexity="0" filename="deepl_tr_async.py" line-rate="0.7214" name="deepl_tr_async.py">
					<methods/>
					<lines>
						<line hits="1" number="65"/>
						<line hits="1" number="67"/>
						<line hits="1" number="68"/>
						<line hits="1" number="69"/>
						<line hits="1" number="70"/>
						<line hits="1" number="71"/>
						<line hits="1" number="76"/>
						<line hits="1" number="77"/>
						<line hits="1" number="78"/>
						<line hits="1" number="81"/>
						<line hits="1" number="82"/>
						<line hits="1" number="83"/>
						<line hits="1" number="84"/>
						<line hits="1" number="91"/>
						<line hits="1" number="92"/>
						<line hits="1" number="98"/>
						<line hits="1" number="99"/>
						<line hits="1" number="100"/>
						<line branch="true" condition-coverage="50% (1/2)" hits="1" missing-branches="105" number="101"/>
						<line hits="1" number="102"/>
						<line hits="1" number="103"/>
						<line hits="1" number="105"/>
						<line hits="1" number="106"/>
						<line hits="1" number="110"/>
						<line hits="1" number="111"/>
						<line hits="1" number="119"/>
						<line hits="1" number="120"/>
						<line hits="1" number="124"/>
						<line hits="1" number="125"/>
						<line hits="1" number="126"/>
						<line hits="1" number="129"/>
						<line hits="1" number="131"/>
						<line hits="1" number="132"/>
						<line hits="1" number="152"/>
						<line hits="1" number="155"/>
						<line hits="1" number="156"/>
						<line hits="1" number="169"/>
						<line branch="true" condition-coverage="50% (1/2)" hits="1" missing-branches="188" number="187"/>
						<line hits="0" number="188"/>
						<line hits="1" number="190"/>
						<line branch="true" condition-coverage="50% (1/2)" hits="1" missing-branches="199" number="191"/>
						<line hits="1" number="192"/>
						<line hits="1" number="194"/>
						<line branch="true" condition-coverage="50% (1/2)" hits="1" missing-branches="200" number="199"/>
						<line branch="true" condition-coverage="0% (0/2)" hits="0" missing-branches="201,203" number="200"/>
						<line hits="0" number="201"/>
						<line hits="0" number="203"/>
						<line hits="1" number="205"/>
						<line hits="1" number="207"/>
						<line hits="1" number="208"/>
						<line hits="1" number="212"/>
						<line hits="1" number="213"/>
						<line branch="true" condition-coverage="50% (1/2)" hits="1" missing-branches="219" number="218"/>
						<line hits="0" number="219"/>
						<line hits="0" number="220"/>
						<line branch="true" condition-coverage="50% (1/2)" hits="1" missing-branches="222" number="221"/>
						<line hits="0" number="222"/>
						<line hits="0" number="223"/>
						<line branch="true" condition-coverage="50% (1/2)" hits="1" missing-branches="226" number="225"/>
						<line hits="0" number="226"/>
						<line hits="0" number="231"/>
						<line hits="1" number="233"/>
						<line hits="1" number="234"/>
						<line branch="true" condition-coverage="50% (1/2)" hits="1" missing-branches="245" number="235"/>
						<line hits="1" number="236"/>
						<line hits="1" number="237"/>
						<line hits="1" number="238"/>
						<line hits="1" number="239"/>
						<line hits="0" number="245"/>
						<line branch="true" condition-coverage="50% (1/2)" hits="1" missing-branches="249" number="248"/>
						<line hits="0" number="249"/>
						<line hits="1" number="251"/>
						<line hits="1" number="253"/>
						<line hits="1" number="258"/>
						<line branch="true" condition-coverage="50% (1/2)" hits="1" missing-branches="272" number="259"/>
						<line hits="1" number="260"/>
						<line hits="1" number="261"/>
						<line hits="1" number="263"/>
						<line hits="1" number="265"/>
						<line hits="0" number="272"/>
						<line hits="1" number="275"/>
						<line hits="1" number="277"/>
						<line hits="1" number="278"/>
						<line hits="1" number="287"/>
						<line hits="1" number="288"/>
						<line branch="true" condition-coverage="50% (1/2)" hits="1" missing-branches="314" number="310"/>
						<line hits="1" number="311"/>
						<line hits="1" number="312"/>
						<line hits="0" number="314"/>
						<line hits="0" number="315"/>
						<line hits="0" number="322"/>
						<line hits="1" number="328"/>
						<line hits="1" number="329"/>
						<line hits="1" number="332"/>
						<line hits="1" number="333"/>
						<line hits="1" number="338"/>
						<line hits="1" number="339"/>
						<line hits="1" number="341"/>
						<line branch="true" condition-coverage="50% (1/2)" hits="1" missing-branches="355" number="342"/>
						<line hits="1" number="343"/>
						<line hits="1" number="344"/>
						<line hits="1" number="345"/>
						<line hits="1" number="347"/>
						<line hits="1" number="348"/>
						<line hits="1" number="349"/>
						<line branch="true" condition-coverage="100% (2/2)" hits="1" number="350"/>
						<line hits="1" number="351"/>
						<line hits="1" number="352"/>
						<line hits="1" number="353"/>
						<line hits="1" number="355"/>
						<line hits="1" number="357"/>
						<line hits="1" number="359"/>
						<line hits="1" number="361"/>
						<line hits="1" number="363"/>
						<line hits="1" number="369"/>
						<line hits="1" number="372"/>
						<line branch="true" condition-coverage="0% (0/2)" hits="0" missing-branches="387,388" number="386"/>
						<line hits="0" number="387"/>
						<line branch="true" condition-coverage="0% (0/2)" hits="0" missing-branches="389,391" number="388"/>
						<line hits="0" number="389"/>
						<line branch="true" condition-coverage="0% (0/2)" hits="0" missing-branches="392,395" number="391"/>
						<line hits="0" number="392"/>
						<line branch="true" condition-coverage="0% (0/2)" hits="0" missing-branches="exit,407" number="395"/>
						<line hits="0" number="407"/>
						<line hits="0" number="408"/>
						<line hits="0" number="413"/>
						<line hits="0" number="417"/>
						<line hits="1" number="420"/>
						<line hits="0" number="425"/>
						<line hits="0" number="427"/>
						<line hits="0" number="431"/>
						<line hits="0" number="434"/>
						<line hits="0" number="441"/>
						<line hits="0" number="443"/>
						<line hits="0" number="444"/>
						<line hits="0" number="449"/>
						<line hits="0" number="466"/>
						<line hits="0" number="470"/>
						<line hits="0" number="473"/>
						<line hits="0" number="474"/>
					</lines>
				</class>
				<class branch-rate="0" complexity="0" filename="detect_lang.py" line-rate="0" name="detect_lang.py">
					<methods/>
					<lines>
						<line hits="0" number="15"/>
						<line hits="0" number="16"/>
						<line hits="0" number="18"/>
						<line hits="0" number="24"/>
						<line branch="true" condition-coverage="0% (0/2)" hits="0" missing-branches="32,36" number="31"/>
						<line hits="0" number="32"/>
						<line branch="true" condition-coverage="0% (0/2)" hits="0" missing-branches="34,54" number="33"/>
						<line hits="0" number="34"/>
						<line hits="0" number="36"/>
						<line hits="0" number="38"/>
						<line branch="true" condition-coverage="0% (0/2)" hits="0" missing-branches="40,42" number="39"/>
						<line hits="0" number="40"/>
						<line hits="0" number="42"/>
						<line hits="0" number="54"/>
						<line hits="0" number="57"/>
						<line hits="0" number="62"/>
						<line hits="0" number="63"/>
						<line hits="0" number="65"/>
						<line hits="0" number="66"/>
						<line hits="0" number="68"/>
						<line hits="0" number="71"/>
						<line hits="0" number="75"/>
						<line hits="0" number="76"/>
						<line hits="0" number="78"/>
						<line hits="0" number="80"/>
						<line hits="0" number="81"/>
						<line hits="0" number="83"/>
						<line hits="0" number="85"/>
						<line hits="0" number="86"/>
						<line hits="0" number="89"/>
						<line hits="0" number="93"/>
						<line hits="0" number="97"/>
						<line hits="0" number="98"/>
						<line hits="0" number="101"/>
						<line hits="0" number="105"/>
						<line hits="0" number="108"/>
						<line hits="0" number="109"/>
						<line hits="0" number="112"/>
						<line hits="0" number="116"/>
						<line hits="0" number="119"/>
						<line hits="0" number="120"/>
					</lines>
				</class>
				<class branch-rate="0.5" complexity="0" filename="google_langpair.py" line-rate="0.6944" name="google_langpair.py">
					<methods/>
					<lines>
						<line hits="1" number="6"/>
						<line hits="1" number="7"/>
						<line hits="1" number="8"/>
						<line hits="1" number="9"/>
						<line hits="1" number="11"/>
						<line hits="1" number="12"/>
						<line hits="1" number="15"/>
						<line hits="1" number="18"/>
						<line hits="1" number="24"/>
						<line hits="1" number="25"/>
						<line hits="1" number="32"/>
						<line hits="1" number="33"/>
						<line branch="true" condition-coverage="50% (1/2)" hits="1" missing-branches="39" number="38"/>
						<line hits="0" number="39"/>
						<line branch="true" condition-coverage="50% (1/2)" hits="1" missing-branches="41" number="40"/>
						<line hits="0" number="41"/>
						<line branch="true" condition-coverage="50% (1/2)" hits="1" missing-branches="46" number="45"/>
						<line hits="0" number="46"/>
						<line branch="true" condition-coverage="50% (1/2)" hits="1" missing-branches="51" number="50"/>
						<line hits="0" number="51"/>
						<line branch="true" condition-coverage="50% (1/2)" hits="1" missing-branches="54" number="53"/>
						<line hits="0" number="54"/>
						<line branch="true" condition-coverage="50% (1/2)" hits="1" missing-branches="56" number="55"/>
						<line hits="0" number="56"/>
						<line branch="true" condition-coverage="50% (1/2)" hits="1" missing-branches="61" number="60"/>
						<line hits="0" number="61"/>
						<line hits="0" number="62"/>
						<line hits="0" number="63"/>
						<line branch="true" condition-coverage="50% (1/2)" hits="1" missing-branches="73" number="67"/>
						<line hits="1" number="68"/>
						<line hits="1" number="69"/>
						<line hits="1" number="70"/>
						<line hits="1" number="73"/>
						<line hits="1" number="76"/>
						<line hits="0" number="97"/>
						<line hits="0" number="98"/>
					</lines>
				</class>
				<class branch-rate="0.3462" complexity="0" filename="google_tr_async.py" line-rate="0.6333" name="google_tr_async.py">
					<methods/>
					<lines>
						<line hits="1" number="22"/>
						<line hits="1" number="25"/>
						<line hits="1" number="26"/>
						<line hits="1" number="27"/>
						<line hits="1" number="29"/>
						<line hits="1" number="32"/>
						<line hits="1" number="33"/>
						<line hits="1" number="34"/>
						<line hits="1" number="37"/>
						<line hits="1" number="38"/>
						<line hits="1" number="40"/>
						<line hits="1" number="43"/>
						<line hits="1" number="75"/>
						<line branch="true" condition-coverage="50% (1/2)" hits="1" missing-branches="98" number="97"/>
						<line hits="0" number="98"/>
						<line hits="1" number="100"/>
						<line branch="true" condition-coverage="50% (1/2)" hits="1" missing-branches="109" number="101"/>
						<line hits="1" number="102"/>
						<line hits="1" number="104"/>
						<line branch="true" condition-coverage="50% (1/2)" hits="1" missing-branches="110" number="109"/>
						<line branch="true" condition-coverage="0% (0/2)" hits="0" missing-branches="111,113" number="110"/>
						<line hits="0" number="111"/>
						<line hits="0" number="113"/>
						<line hits="1" number="117"/>
						<line hits="1" number="118"/>
						<line hits="1" number="122"/>
						<line hits="1" number="123"/>
						<line hits="1" number="128"/>
						<line hits="1" number="137"/>
						<line hits="1" number="138"/>
						<line hits="1" number="139"/>
						<line branch="true" condition-coverage="50% (1/2)" hits="1" missing-branches="142" number="141"/>
						<line hits="0" number="142"/>
						<line hits="0" number="147"/>
						<line hits="1" number="149"/>
						<line hits="1" number="150"/>
						<line branch="true" condition-coverage="50% (1/2)" hits="1" missing-branches="162" number="151"/>
						<line hits="1" number="152"/>
						<line hits="1" number="153"/>
						<line hits="1" number="154"/>
						<line hits="1" number="155"/>
						<line hits="0" number="162"/>
						<line hits="0" number="163"/>
						<line hits="1" number="166"/>
						<line hits="1" number="173"/>
						<line hits="1" number="179"/>
						<line hits="1" number="183"/>
						<line branch="true" condition-coverage="50% (1/2)" hits="1" missing-branches="197" number="184"/>
						<line hits="1" number="185"/>
						<line hits="1" number="186"/>
						<line hits="1" number="188"/>
						<line hits="1" number="190"/>
						<line hits="0" number="197"/>
						<line hits="0" number="198"/>
						<line hits="1" number="202"/>
						<line hits="1" number="204"/>
						<line hits="1" number="205"/>
						<line hits="1" number="214"/>
						<line hits="1" number="215"/>
						<line branch="true" condition-coverage="50% (1/2)" hits="1" missing-branches="241" number="237"/>
						<line hits="1" number="238"/>
						<line hits="1" number="239"/>
						<line hits="0" number="241"/>
						<line hits="0" number="242"/>
						<line hits="0" number="249"/>
						<line hits="1" number="255"/>
						<line hits="1" number="256"/>
						<line hits="1" number="259"/>
						<line hits="1" number="260"/>
						<line hits="1" number="265"/>
						<line hits="1" number="266"/>
						<line hits="1" number="268"/>
						<line branch="true" condition-coverage="50% (1/2)" hits="1" missing-branches="282" number="269"/>
						<line hits="1" number="270"/>
						<line hits="1" number="271"/>
						<line hits="1" number="272"/>
						<line hits="1" number="274"/>
						<line hits="1" number="275"/>
						<line hits="1" number="276"/>
						<line branch="true" condition-coverage="50% (1/2)" hits="1" missing-branches="279" number="277"/>
						<line hits="1" number="278"/>
						<line hits="0" number="279"/>
						<line hits="0" number="280"/>
						<line hits="1" number="282"/>
						<line hits="1" number="284"/>
						<line hits="1" number="286"/>
						<line hits="1" number="288"/>
						<line hits="1" number="290"/>
						<line hits="1" number="296"/>
						<line hits="1" number="299"/>
						<line branch="true" condition-coverage="0% (0/2)" hits="0" missing-branches="314,317" number="313"/>
						<line hits="0" number="314"/>
						<line branch="true" condition-coverage="0% (0/2)" hits="0" missing-branches="318,320" number="317"/>
						<line hits="0" number="318"/>
						<line branch="true" condition-coverage="0% (0/2)" hits="0" missing-branches="exit,332" number="320"/>
						<line hits="0" number="332"/>
						<line hits="0" number="333"/>
						<line hits="0" number="338"/>
						<line hits="0" number="342"/>
						<line hits="1" number="345"/>
						<line hits="0" number="350"/>
						<line hits="0" number="352"/>
						<line hits="0" number="356"/>
						<line hits="0" number="359"/>
						<line hits="0" number="360"/>
						<line hits="0" number="361"/>
						<line hits="0" number="362"/>
						<line hits="0" number="368"/>
						<line hits="0" number="371"/>
						<line hits="0" number="372"/>
						<line hits="0" number="373"/>
						<line hits="0" number="378"/>
						<line hits="0" number="385"/>
						<line hits="0" number="387"/>
						<line hits="0" number="388"/>
						<line hits="0" number="393"/>
						<line hits="0" number="410"/>
						<line hits="0" number="414"/>
						<line hits="0" number="417"/>
						<line hits="0" number="418"/>
					</lines>
				</class>
			</classes>
		</package>
	</packages>
</coverage>
